0 info it worked if it ends with ok
1 verbose cli [ 'C:\\Program Files\\nodejs\\node.exe',
1 verbose cli   'C:\\Program Files\\nodejs\\node_modules\\npm\\bin\\npm-cli.js',
1 verbose cli   'run',
1 verbose cli   'lintjs' ]
2 info using npm@3.10.10
3 info using node@v6.11.4
4 verbose run-script [ 'prelintjs', 'lintjs', 'postlintjs' ]
5 info lifecycle angular@1.0.0~prelintjs: angular@1.0.0
6 silly lifecycle angular@1.0.0~prelintjs: no script for prelintjs, continuing
7 info lifecycle angular@1.0.0~lintjs: angular@1.0.0
8 verbose lifecycle angular@1.0.0~lintjs: unsafe-perm in lifecycle true
9 verbose lifecycle angular@1.0.0~lintjs: PATH: C:\Program Files\nodejs\node_modules\npm\bin\node-gyp-bin;C:\Users\administrator\desktop\angular\node_modules\.bin;C:\Users\Administrator\bin;C:\Program Files\Git\mingw64\bin;C:\Program Files\Git\usr\local\bin;C:\Program Files\Git\usr\bin;C:\Program Files\Git\usr\bin;C:\Program Files\Git\mingw64\bin;C:\Program Files\Git\usr\bin;C:\Users\Administrator\bin;C:\Program Files\Microsoft MPI\Bin;C:\ProgramData\Oracle\Java\javapath;C:\windows\system32;C:\windows;C:\windows\System32\Wbem;C:\windows\System32\WindowsPowerShell\v1.0;C:\Program Files\Java\jdk1.8.0_144\bin;C:\Program Files\Git\cmd;C:\Program Files\nodejs;C:\Program Files (x86)\Microsoft SQL Server\140\Tools\Binn;C:\Program Files\Microsoft SQL Server\140\Tools\Binn;C:\Program Files (x86)\Microsoft SQL Server\140\DTS\Binn;C:\Program Files\Microsoft SQL Server\140\DTS\Binn;C:\Program Files\Microsoft SQL Server\Client SDK\ODBC\130\Tools\Binn;C:\Program Files (x86)\Microsoft SQL Server\Client SDK\ODBC\130\Tools\Binn;C:\Program Files (x86)\Microsoft SQL Server\140\Tools\Binn\ManagementStudio;C:\Users\Administrator\AppData\Local\Microsoft\WindowsApps;C:\Program Files\Java\jdk-9\bin;C:\Program Files\Microsoft VS Code\bin;C:\Users\Administrator\AppData\Roaming\npm;C:\Users\Administrator\AppData\Local\Programs\Fiddler;C:\Program Files\Git\usr\bin\vendor_perl;C:\Program Files\Git\usr\bin\core_perl
10 verbose lifecycle angular@1.0.0~lintjs: CWD: C:\Users\administrator\desktop\angular
11 silly lifecycle angular@1.0.0~lintjs: Args: [ '/d /s /c', 'eslint .' ]
12 silly lifecycle angular@1.0.0~lintjs: Returned: code: 1  signal: null
13 info lifecycle angular@1.0.0~lintjs: Failed to exec lintjs script
14 verbose stack Error: angular@1.0.0 lintjs: `eslint .`
14 verbose stack Exit status 1
14 verbose stack     at EventEmitter.<anonymous> (C:\Program Files\nodejs\node_modules\npm\lib\utils\lifecycle.js:255:16)
14 verbose stack     at emitTwo (events.js:106:13)
14 verbose stack     at EventEmitter.emit (events.js:191:7)
14 verbose stack     at ChildProcess.<anonymous> (C:\Program Files\nodejs\node_modules\npm\lib\utils\spawn.js:40:14)
14 verbose stack     at emitTwo (events.js:106:13)
14 verbose stack     at ChildProcess.emit (events.js:191:7)
14 verbose stack     at maybeClose (internal/child_process.js:920:16)
14 verbose stack     at Process.ChildProcess._handle.onexit (internal/child_process.js:230:5)
15 verbose pkgid angular@1.0.0
16 verbose cwd C:\Users\administrator\desktop\angular
17 error Windows_NT 10.0.15063
18 error argv "C:\\Program Files\\nodejs\\node.exe" "C:\\Program Files\\nodejs\\node_modules\\npm\\bin\\npm-cli.js" "run" "lintjs"
19 error node v6.11.4
20 error npm  v3.10.10
21 error code ELIFECYCLE
22 error angular@1.0.0 lintjs: `eslint .`
22 error Exit status 1
23 error Failed at the angular@1.0.0 lintjs script 'eslint .'.
23 error Make sure you have the latest version of node.js and npm installed.
23 error If you do, this is most likely a problem with the angular package,
23 error not with npm itself.
23 error Tell the author that this fails on your system:
23 error     eslint .
23 error You can get information on how to open an issue for this project with:
23 error     npm bugs angular
23 error Or if that isn't available, you can get their info via:
23 error     npm owner ls angular
23 error There is likely additional logging output above.
24 verbose exit [ 1, true ]
